  Phan_2_BT_1.cpp
D:\dtun coder\BTVN_THKTLT_Buoi_2\DangAnhTuan_Buoi_2\DangAnhTuan_Buoi_2\Phan_2_BT_1.cpp(124,15): warning C4244: 'argument': conversion from 'time_t' to 'unsigned int', possible loss of data
D:\dtun coder\BTVN_THKTLT_Buoi_2\DangAnhTuan_Buoi_2\DangAnhTuan_Buoi_2\Phan_2_BT_1.cpp(135,16): warning C4566: character represented by universal-character-name '\u1ECD' cannot be represented in the current code page (1252)
D:\dtun coder\BTVN_THKTLT_Buoi_2\DangAnhTuan_Buoi_2\DangAnhTuan_Buoi_2\Phan_2_BT_1.cpp(135,16): warning C4566: character represented by universal-character-name '\u1EE9' cannot be represented in the current code page (1252)
D:\dtun coder\BTVN_THKTLT_Buoi_2\DangAnhTuan_Buoi_2\DangAnhTuan_Buoi_2\Phan_2_BT_1.cpp(135,16): warning C4566: character represented by universal-character-name '\u0103' cannot be represented in the current code page (1252)
D:\dtun coder\BTVN_THKTLT_Buoi_2\DangAnhTuan_Buoi_2\DangAnhTuan_Buoi_2\Phan_2_BT_1.cpp(140,20): warning C4566: character represented by universal-character-name '\u1EAD' cannot be represented in the current code page (1252)
D:\dtun coder\BTVN_THKTLT_Buoi_2\DangAnhTuan_Buoi_2\DangAnhTuan_Buoi_2\Phan_2_BT_1.cpp(140,20): warning C4566: character represented by universal-character-name '\u1ED1' cannot be represented in the current code page (1252)
D:\dtun coder\BTVN_THKTLT_Buoi_2\DangAnhTuan_Buoi_2\DangAnhTuan_Buoi_2\Phan_2_BT_1.cpp(140,20): warning C4566: character represented by universal-character-name '\u01B0' cannot be represented in the current code page (1252)
D:\dtun coder\BTVN_THKTLT_Buoi_2\DangAnhTuan_Buoi_2\DangAnhTuan_Buoi_2\Phan_2_BT_1.cpp(140,20): warning C4566: character represented by universal-character-name '\u1EE3' cannot be represented in the current code page (1252)
D:\dtun coder\BTVN_THKTLT_Buoi_2\DangAnhTuan_Buoi_2\DangAnhTuan_Buoi_2\Phan_2_BT_1.cpp(140,20): warning C4566: character represented by universal-character-name '\u1EA7' cannot be represented in the current code page (1252)
D:\dtun coder\BTVN_THKTLT_Buoi_2\DangAnhTuan_Buoi_2\DangAnhTuan_Buoi_2\Phan_2_BT_1.cpp(140,20): warning C4566: character represented by universal-character-name '\u1EED' cannot be represented in the current code page (1252)
D:\dtun coder\BTVN_THKTLT_Buoi_2\DangAnhTuan_Buoi_2\DangAnhTuan_Buoi_2\Phan_2_BT_1.cpp(140,20): warning C4566: character represented by universal-character-name '\u1EE7' cannot be represented in the current code page (1252)
D:\dtun coder\BTVN_THKTLT_Buoi_2\DangAnhTuan_Buoi_2\DangAnhTuan_Buoi_2\Phan_2_BT_1.cpp(140,20): warning C4566: character represented by universal-character-name '\u1EA3' cannot be represented in the current code page (1252)
D:\dtun coder\BTVN_THKTLT_Buoi_2\DangAnhTuan_Buoi_2\DangAnhTuan_Buoi_2\Phan_2_BT_1.cpp(143,24): warning C4566: character represented by universal-character-name '\u1ED1' cannot be represented in the current code page (1252)
D:\dtun coder\BTVN_THKTLT_Buoi_2\DangAnhTuan_Buoi_2\DangAnhTuan_Buoi_2\Phan_2_BT_1.cpp(143,24): warning C4566: character represented by universal-character-name '\u01B0' cannot be represented in the current code page (1252)
D:\dtun coder\BTVN_THKTLT_Buoi_2\DangAnhTuan_Buoi_2\DangAnhTuan_Buoi_2\Phan_2_BT_1.cpp(143,24): warning C4566: character represented by universal-character-name '\u1EE3' cannot be represented in the current code page (1252)
D:\dtun coder\BTVN_THKTLT_Buoi_2\DangAnhTuan_Buoi_2\DangAnhTuan_Buoi_2\Phan_2_BT_1.cpp(143,24): warning C4566: character represented by universal-character-name '\u1EA7' cannot be represented in the current code page (1252)
D:\dtun coder\BTVN_THKTLT_Buoi_2\DangAnhTuan_Buoi_2\DangAnhTuan_Buoi_2\Phan_2_BT_1.cpp(143,24): warning C4566: character represented by universal-character-name '\u1EED' cannot be represented in the current code page (1252)
D:\dtun coder\BTVN_THKTLT_Buoi_2\DangAnhTuan_Buoi_2\DangAnhTuan_Buoi_2\Phan_2_BT_1.cpp(143,24): warning C4566: character represented by universal-character-name '\u1EA3' cannot be represented in the current code page (1252)
D:\dtun coder\BTVN_THKTLT_Buoi_2\DangAnhTuan_Buoi_2\DangAnhTuan_Buoi_2\Phan_2_BT_1.cpp(143,24): warning C4566: character represented by universal-character-name '\u1EDB' cannot be represented in the current code page (1252)
D:\dtun coder\BTVN_THKTLT_Buoi_2\DangAnhTuan_Buoi_2\DangAnhTuan_Buoi_2\Phan_2_BT_1.cpp(143,24): warning C4566: character represented by universal-character-name '\u01A1' cannot be represented in the current code page (1252)
D:\dtun coder\BTVN_THKTLT_Buoi_2\DangAnhTuan_Buoi_2\DangAnhTuan_Buoi_2\Phan_2_BT_1.cpp(143,24): warning C4566: character represented by universal-character-name '\u1EB7' cannot be represented in the current code page (1252)
D:\dtun coder\BTVN_THKTLT_Buoi_2\DangAnhTuan_Buoi_2\DangAnhTuan_Buoi_2\Phan_2_BT_1.cpp(143,24): warning C4566: character represented by universal-character-name '\u1EB1' cannot be represented in the current code page (1252)
D:\dtun coder\BTVN_THKTLT_Buoi_2\DangAnhTuan_Buoi_2\DangAnhTuan_Buoi_2\Phan_2_BT_1.cpp(147,24): warning C4566: character represented by universal-character-name '\u1EA3' cannot be represented in the current code page (1252)
D:\dtun coder\BTVN_THKTLT_Buoi_2\DangAnhTuan_Buoi_2\DangAnhTuan_Buoi_2\Phan_2_BT_1.cpp(147,24): warning C4566: character represented by universal-character-name '\u1EAB' cannot be represented in the current code page (1252)
D:\dtun coder\BTVN_THKTLT_Buoi_2\DangAnhTuan_Buoi_2\DangAnhTuan_Buoi_2\Phan_2_BT_1.cpp(154,24): warning C4566: character represented by universal-character-name '\u1EA1' cannot be represented in the current code page (1252)
D:\dtun coder\BTVN_THKTLT_Buoi_2\DangAnhTuan_Buoi_2\DangAnhTuan_Buoi_2\Phan_2_BT_1.cpp(154,24): warning C4566: character represented by universal-character-name '\u1EA3' cannot be represented in the current code page (1252)
D:\dtun coder\BTVN_THKTLT_Buoi_2\DangAnhTuan_Buoi_2\DangAnhTuan_Buoi_2\Phan_2_BT_1.cpp(154,24): warning C4566: character represented by universal-character-name '\u1EAB' cannot be represented in the current code page (1252)
D:\dtun coder\BTVN_THKTLT_Buoi_2\DangAnhTuan_Buoi_2\DangAnhTuan_Buoi_2\Phan_2_BT_1.cpp(154,24): warning C4566: character represented by universal-character-name '\u01B0' cannot be represented in the current code page (1252)
D:\dtun coder\BTVN_THKTLT_Buoi_2\DangAnhTuan_Buoi_2\DangAnhTuan_Buoi_2\Phan_2_BT_1.cpp(154,24): warning C4566: character represented by universal-character-name '\u1EDB' cannot be represented in the current code page (1252)
D:\dtun coder\BTVN_THKTLT_Buoi_2\DangAnhTuan_Buoi_2\DangAnhTuan_Buoi_2\Phan_2_BT_1.cpp(158,24): warning C4566: character represented by universal-character-name '\u1EA3' cannot be represented in the current code page (1252)
D:\dtun coder\BTVN_THKTLT_Buoi_2\DangAnhTuan_Buoi_2\DangAnhTuan_Buoi_2\Phan_2_BT_1.cpp(158,24): warning C4566: character represented by universal-character-name '\u1EE9' cannot be represented in the current code page (1252)
D:\dtun coder\BTVN_THKTLT_Buoi_2\DangAnhTuan_Buoi_2\DangAnhTuan_Buoi_2\Phan_2_BT_1.cpp(158,24): warning C4566: character represented by universal-character-name '\u1ED1' cannot be represented in the current code page (1252)
D:\dtun coder\BTVN_THKTLT_Buoi_2\DangAnhTuan_Buoi_2\DangAnhTuan_Buoi_2\Phan_2_BT_1.cpp(158,24): warning C4566: character represented by universal-character-name '\u1EB5' cannot be represented in the current code page (1252)
D:\dtun coder\BTVN_THKTLT_Buoi_2\DangAnhTuan_Buoi_2\DangAnhTuan_Buoi_2\Phan_2_BT_1.cpp(165,24): warning C4566: character represented by universal-character-name '\u1EA1' cannot be represented in the current code page (1252)
D:\dtun coder\BTVN_THKTLT_Buoi_2\DangAnhTuan_Buoi_2\DangAnhTuan_Buoi_2\Phan_2_BT_1.cpp(165,24): warning C4566: character represented by universal-character-name '\u1EA3' cannot be represented in the current code page (1252)
D:\dtun coder\BTVN_THKTLT_Buoi_2\DangAnhTuan_Buoi_2\DangAnhTuan_Buoi_2\Phan_2_BT_1.cpp(165,24): warning C4566: character represented by universal-character-name '\u1EAB' cannot be represented in the current code page (1252)
D:\dtun coder\BTVN_THKTLT_Buoi_2\DangAnhTuan_Buoi_2\DangAnhTuan_Buoi_2\Phan_2_BT_1.cpp(165,24): warning C4566: character represented by universal-character-name '\u01B0' cannot be represented in the current code page (1252)
D:\dtun coder\BTVN_THKTLT_Buoi_2\DangAnhTuan_Buoi_2\DangAnhTuan_Buoi_2\Phan_2_BT_1.cpp(165,24): warning C4566: character represented by universal-character-name '\u1EDB' cannot be represented in the current code page (1252)
D:\dtun coder\BTVN_THKTLT_Buoi_2\DangAnhTuan_Buoi_2\DangAnhTuan_Buoi_2\Phan_2_BT_1.cpp(168,24): warning C4566: character represented by universal-character-name '\u1EAD' cannot be represented in the current code page (1252)
D:\dtun coder\BTVN_THKTLT_Buoi_2\DangAnhTuan_Buoi_2\DangAnhTuan_Buoi_2\Phan_2_BT_1.cpp(168,24): warning C4566: character represented by universal-character-name '\u1ECB' cannot be represented in the current code page (1252)
D:\dtun coder\BTVN_THKTLT_Buoi_2\DangAnhTuan_Buoi_2\DangAnhTuan_Buoi_2\Phan_2_BT_1.cpp(168,24): warning C4566: character represented by universal-character-name '\u1EA7' cannot be represented in the current code page (1252)
D:\dtun coder\BTVN_THKTLT_Buoi_2\DangAnhTuan_Buoi_2\DangAnhTuan_Buoi_2\Phan_2_BT_1.cpp(172,28): warning C4566: character represented by universal-character-name '\u1EA5' cannot be represented in the current code page (1252)
D:\dtun coder\BTVN_THKTLT_Buoi_2\DangAnhTuan_Buoi_2\DangAnhTuan_Buoi_2\Phan_2_BT_1.cpp(172,28): warning C4566: character represented by universal-character-name '\u1EDF' cannot be represented in the current code page (1252)
D:\dtun coder\BTVN_THKTLT_Buoi_2\DangAnhTuan_Buoi_2\DangAnhTuan_Buoi_2\Phan_2_BT_1.cpp(172,28): warning C4566: character represented by universal-character-name '\u1ECB' cannot be represented in the current code page (1252)
D:\dtun coder\BTVN_THKTLT_Buoi_2\DangAnhTuan_Buoi_2\DangAnhTuan_Buoi_2\Phan_2_BT_1.cpp(172,28): warning C4566: character represented by universal-character-name '\u1EB1' cannot be represented in the current code page (1252)
D:\dtun coder\BTVN_THKTLT_Buoi_2\DangAnhTuan_Buoi_2\DangAnhTuan_Buoi_2\Phan_2_BT_1.cpp(175,28): warning C4566: character represented by universal-character-name '\u1EA5' cannot be represented in the current code page (1252)
D:\dtun coder\BTVN_THKTLT_Buoi_2\DangAnhTuan_Buoi_2\DangAnhTuan_Buoi_2\Phan_2_BT_1.cpp(175,28): warning C4566: character represented by universal-character-name '\u1EB1' cannot be represented in the current code page (1252)
D:\dtun coder\BTVN_THKTLT_Buoi_2\DangAnhTuan_Buoi_2\DangAnhTuan_Buoi_2\Phan_2_BT_1.cpp(182,24): warning C4566: character represented by universal-character-name '\u1EA1' cannot be represented in the current code page (1252)
D:\dtun coder\BTVN_THKTLT_Buoi_2\DangAnhTuan_Buoi_2\DangAnhTuan_Buoi_2\Phan_2_BT_1.cpp(182,24): warning C4566: character represented by universal-character-name '\u1EA3' cannot be represented in the current code page (1252)
D:\dtun coder\BTVN_THKTLT_Buoi_2\DangAnhTuan_Buoi_2\DangAnhTuan_Buoi_2\Phan_2_BT_1.cpp(182,24): warning C4566: character represented by universal-character-name '\u1EAB' cannot be represented in the current code page (1252)
D:\dtun coder\BTVN_THKTLT_Buoi_2\DangAnhTuan_Buoi_2\DangAnhTuan_Buoi_2\Phan_2_BT_1.cpp(182,24): warning C4566: character represented by universal-character-name '\u01B0' cannot be represented in the current code page (1252)
D:\dtun coder\BTVN_THKTLT_Buoi_2\DangAnhTuan_Buoi_2\DangAnhTuan_Buoi_2\Phan_2_BT_1.cpp(182,24): warning C4566: character represented by universal-character-name '\u1EDB' cannot be represented in the current code page (1252)
D:\dtun coder\BTVN_THKTLT_Buoi_2\DangAnhTuan_Buoi_2\DangAnhTuan_Buoi_2\Phan_2_BT_1.cpp(186,24): warning C4566: character represented by universal-character-name '\u1EA3' cannot be represented in the current code page (1252)
D:\dtun coder\BTVN_THKTLT_Buoi_2\DangAnhTuan_Buoi_2\DangAnhTuan_Buoi_2\Phan_2_BT_1.cpp(186,24): warning C4566: character represented by universal-character-name '\u1EAF' cannot be represented in the current code page (1252)
D:\dtun coder\BTVN_THKTLT_Buoi_2\DangAnhTuan_Buoi_2\DangAnhTuan_Buoi_2\Phan_2_BT_1.cpp(186,24): warning C4566: character represented by universal-character-name '\u1EBF' cannot be represented in the current code page (1252)
D:\dtun coder\BTVN_THKTLT_Buoi_2\DangAnhTuan_Buoi_2\DangAnhTuan_Buoi_2\Phan_2_BT_1.cpp(186,24): warning C4566: character represented by universal-character-name '\u0103' cannot be represented in the current code page (1252)
D:\dtun coder\BTVN_THKTLT_Buoi_2\DangAnhTuan_Buoi_2\DangAnhTuan_Buoi_2\Phan_2_BT_1.cpp(186,24): warning C4566: character represented by universal-character-name '\u1EA7' cannot be represented in the current code page (1252)
D:\dtun coder\BTVN_THKTLT_Buoi_2\DangAnhTuan_Buoi_2\DangAnhTuan_Buoi_2\Phan_2_BT_1.cpp(186,24): warning C4566: character represented by universal-character-name '\u1EB1' cannot be represented in the current code page (1252)
D:\dtun coder\BTVN_THKTLT_Buoi_2\DangAnhTuan_Buoi_2\DangAnhTuan_Buoi_2\Phan_2_BT_1.cpp(193,24): warning C4566: character represented by universal-character-name '\u1EA1' cannot be represented in the current code page (1252)
D:\dtun coder\BTVN_THKTLT_Buoi_2\DangAnhTuan_Buoi_2\DangAnhTuan_Buoi_2\Phan_2_BT_1.cpp(193,24): warning C4566: character represented by universal-character-name '\u1EA3' cannot be represented in the current code page (1252)
D:\dtun coder\BTVN_THKTLT_Buoi_2\DangAnhTuan_Buoi_2\DangAnhTuan_Buoi_2\Phan_2_BT_1.cpp(193,24): warning C4566: character represented by universal-character-name '\u1EAB' cannot be represented in the current code page (1252)
D:\dtun coder\BTVN_THKTLT_Buoi_2\DangAnhTuan_Buoi_2\DangAnhTuan_Buoi_2\Phan_2_BT_1.cpp(193,24): warning C4566: character represented by universal-character-name '\u01B0' cannot be represented in the current code page (1252)
D:\dtun coder\BTVN_THKTLT_Buoi_2\DangAnhTuan_Buoi_2\DangAnhTuan_Buoi_2\Phan_2_BT_1.cpp(193,24): warning C4566: character represented by universal-character-name '\u1EDB' cannot be represented in the current code page (1252)
D:\dtun coder\BTVN_THKTLT_Buoi_2\DangAnhTuan_Buoi_2\DangAnhTuan_Buoi_2\Phan_2_BT_1.cpp(197,24): warning C4566: character represented by universal-character-name '\u1EA3' cannot be represented in the current code page (1252)
D:\dtun coder\BTVN_THKTLT_Buoi_2\DangAnhTuan_Buoi_2\DangAnhTuan_Buoi_2\Phan_2_BT_1.cpp(197,24): warning C4566: character represented by universal-character-name '\u1EAF' cannot be represented in the current code page (1252)
D:\dtun coder\BTVN_THKTLT_Buoi_2\DangAnhTuan_Buoi_2\DangAnhTuan_Buoi_2\Phan_2_BT_1.cpp(197,24): warning C4566: character represented by universal-character-name '\u1EBF' cannot be represented in the current code page (1252)
D:\dtun coder\BTVN_THKTLT_Buoi_2\DangAnhTuan_Buoi_2\DangAnhTuan_Buoi_2\Phan_2_BT_1.cpp(197,24): warning C4566: character represented by universal-character-name '\u1EA7' cannot be represented in the current code page (1252)
D:\dtun coder\BTVN_THKTLT_Buoi_2\DangAnhTuan_Buoi_2\DangAnhTuan_Buoi_2\Phan_2_BT_1.cpp(197,24): warning C4566: character represented by universal-character-name '\u1EB1' cannot be represented in the current code page (1252)
D:\dtun coder\BTVN_THKTLT_Buoi_2\DangAnhTuan_Buoi_2\DangAnhTuan_Buoi_2\Phan_2_BT_1.cpp(204,24): warning C4566: character represented by universal-character-name '\u1EA1' cannot be represented in the current code page (1252)
D:\dtun coder\BTVN_THKTLT_Buoi_2\DangAnhTuan_Buoi_2\DangAnhTuan_Buoi_2\Phan_2_BT_1.cpp(204,24): warning C4566: character represented by universal-character-name '\u1EA3' cannot be represented in the current code page (1252)
D:\dtun coder\BTVN_THKTLT_Buoi_2\DangAnhTuan_Buoi_2\DangAnhTuan_Buoi_2\Phan_2_BT_1.cpp(204,24): warning C4566: character represented by universal-character-name '\u1EAB' cannot be represented in the current code page (1252)
D:\dtun coder\BTVN_THKTLT_Buoi_2\DangAnhTuan_Buoi_2\DangAnhTuan_Buoi_2\Phan_2_BT_1.cpp(204,24): warning C4566: character represented by universal-character-name '\u01B0' cannot be represented in the current code page (1252)
D:\dtun coder\BTVN_THKTLT_Buoi_2\DangAnhTuan_Buoi_2\DangAnhTuan_Buoi_2\Phan_2_BT_1.cpp(204,24): warning C4566: character represented by universal-character-name '\u1EDB' cannot be represented in the current code page (1252)
D:\dtun coder\BTVN_THKTLT_Buoi_2\DangAnhTuan_Buoi_2\DangAnhTuan_Buoi_2\Phan_2_BT_1.cpp(208,24): warning C4566: character represented by universal-character-name '\u1EAD' cannot be represented in the current code page (1252)
D:\dtun coder\BTVN_THKTLT_Buoi_2\DangAnhTuan_Buoi_2\DangAnhTuan_Buoi_2\Phan_2_BT_1.cpp(208,24): warning C4566: character represented by universal-character-name '\u1ECB' cannot be represented in the current code page (1252)
D:\dtun coder\BTVN_THKTLT_Buoi_2\DangAnhTuan_Buoi_2\DangAnhTuan_Buoi_2\Phan_2_BT_1.cpp(208,24): warning C4566: character represented by universal-character-name '\u1EA7' cannot be represented in the current code page (1252)
D:\dtun coder\BTVN_THKTLT_Buoi_2\DangAnhTuan_Buoi_2\DangAnhTuan_Buoi_2\Phan_2_BT_1.cpp(212,28): warning C4566: character represented by universal-character-name '\u1EA5' cannot be represented in the current code page (1252)
D:\dtun coder\BTVN_THKTLT_Buoi_2\DangAnhTuan_Buoi_2\DangAnhTuan_Buoi_2\Phan_2_BT_1.cpp(212,28): warning C4566: character represented by universal-character-name '\u1EDF' cannot be represented in the current code page (1252)
D:\dtun coder\BTVN_THKTLT_Buoi_2\DangAnhTuan_Buoi_2\DangAnhTuan_Buoi_2\Phan_2_BT_1.cpp(212,28): warning C4566: character represented by universal-character-name '\u1ECB' cannot be represented in the current code page (1252)
D:\dtun coder\BTVN_THKTLT_Buoi_2\DangAnhTuan_Buoi_2\DangAnhTuan_Buoi_2\Phan_2_BT_1.cpp(212,28): warning C4566: character represented by universal-character-name '\u1EB1' cannot be represented in the current code page (1252)
D:\dtun coder\BTVN_THKTLT_Buoi_2\DangAnhTuan_Buoi_2\DangAnhTuan_Buoi_2\Phan_2_BT_1.cpp(215,28): warning C4566: character represented by universal-character-name '\u1EA5' cannot be represented in the current code page (1252)
D:\dtun coder\BTVN_THKTLT_Buoi_2\DangAnhTuan_Buoi_2\DangAnhTuan_Buoi_2\Phan_2_BT_1.cpp(215,28): warning C4566: character represented by universal-character-name '\u1EB1' cannot be represented in the current code page (1252)
D:\dtun coder\BTVN_THKTLT_Buoi_2\DangAnhTuan_Buoi_2\DangAnhTuan_Buoi_2\Phan_2_BT_1.cpp(222,24): warning C4566: character represented by universal-character-name '\u1EA1' cannot be represented in the current code page (1252)
D:\dtun coder\BTVN_THKTLT_Buoi_2\DangAnhTuan_Buoi_2\DangAnhTuan_Buoi_2\Phan_2_BT_1.cpp(222,24): warning C4566: character represented by universal-character-name '\u1EA3' cannot be represented in the current code page (1252)
D:\dtun coder\BTVN_THKTLT_Buoi_2\DangAnhTuan_Buoi_2\DangAnhTuan_Buoi_2\Phan_2_BT_1.cpp(222,24): warning C4566: character represented by universal-character-name '\u1EAB' cannot be represented in the current code page (1252)
D:\dtun coder\BTVN_THKTLT_Buoi_2\DangAnhTuan_Buoi_2\DangAnhTuan_Buoi_2\Phan_2_BT_1.cpp(222,24): warning C4566: character represented by universal-character-name '\u01B0' cannot be represented in the current code page (1252)
D:\dtun coder\BTVN_THKTLT_Buoi_2\DangAnhTuan_Buoi_2\DangAnhTuan_Buoi_2\Phan_2_BT_1.cpp(222,24): warning C4566: character represented by universal-character-name '\u1EDB' cannot be represented in the current code page (1252)
D:\dtun coder\BTVN_THKTLT_Buoi_2\DangAnhTuan_Buoi_2\DangAnhTuan_Buoi_2\Phan_2_BT_1.cpp(226,24): warning C4566: character represented by universal-character-name '\u1EA3' cannot be represented in the current code page (1252)
D:\dtun coder\BTVN_THKTLT_Buoi_2\DangAnhTuan_Buoi_2\DangAnhTuan_Buoi_2\Phan_2_BT_1.cpp(226,24): warning C4566: character represented by universal-character-name '\u1EAF' cannot be represented in the current code page (1252)
D:\dtun coder\BTVN_THKTLT_Buoi_2\DangAnhTuan_Buoi_2\DangAnhTuan_Buoi_2\Phan_2_BT_1.cpp(226,24): warning C4566: character represented by universal-character-name '\u1EBF' cannot be represented in the current code page (1252)
D:\dtun coder\BTVN_THKTLT_Buoi_2\DangAnhTuan_Buoi_2\DangAnhTuan_Buoi_2\Phan_2_BT_1.cpp(226,24): warning C4566: character represented by universal-character-name '\u0103' cannot be represented in the current code page (1252)
D:\dtun coder\BTVN_THKTLT_Buoi_2\DangAnhTuan_Buoi_2\DangAnhTuan_Buoi_2\Phan_2_BT_1.cpp(226,24): warning C4566: character represented by universal-character-name '\u1EA7' cannot be represented in the current code page (1252)
D:\dtun coder\BTVN_THKTLT_Buoi_2\DangAnhTuan_Buoi_2\DangAnhTuan_Buoi_2\Phan_2_BT_1.cpp(226,24): warning C4566: character represented by universal-character-name '\u1EB1' cannot be represented in the current code page (1252)
D:\dtun coder\BTVN_THKTLT_Buoi_2\DangAnhTuan_Buoi_2\DangAnhTuan_Buoi_2\Phan_2_BT_1.cpp(233,24): warning C4566: character represented by universal-character-name '\u1EA1' cannot be represented in the current code page (1252)
D:\dtun coder\BTVN_THKTLT_Buoi_2\DangAnhTuan_Buoi_2\DangAnhTuan_Buoi_2\Phan_2_BT_1.cpp(233,24): warning C4566: character represented by universal-character-name '\u1EA3' cannot be represented in the current code page (1252)
D:\dtun coder\BTVN_THKTLT_Buoi_2\DangAnhTuan_Buoi_2\DangAnhTuan_Buoi_2\Phan_2_BT_1.cpp(233,24): warning C4566: character represented by universal-character-name '\u1EAB' cannot be represented in the current code page (1252)
D:\dtun coder\BTVN_THKTLT_Buoi_2\DangAnhTuan_Buoi_2\DangAnhTuan_Buoi_2\Phan_2_BT_1.cpp(233,24): warning C4566: character represented by universal-character-name '\u01B0' cannot be represented in the current code page (1252)
D:\dtun coder\BTVN_THKTLT_Buoi_2\DangAnhTuan_Buoi_2\DangAnhTuan_Buoi_2\Phan_2_BT_1.cpp(233,24): warning C4566: character represented by universal-character-name '\u1EDB' cannot be represented in the current code page (1252)
D:\dtun coder\BTVN_THKTLT_Buoi_2\DangAnhTuan_Buoi_2\DangAnhTuan_Buoi_2\Phan_2_BT_1.cpp(237,24): warning C4566: character represented by universal-character-name '\u1EA3' cannot be represented in the current code page (1252)
D:\dtun coder\BTVN_THKTLT_Buoi_2\DangAnhTuan_Buoi_2\DangAnhTuan_Buoi_2\Phan_2_BT_1.cpp(237,24): warning C4566: character represented by universal-character-name '\u1EAF' cannot be represented in the current code page (1252)
D:\dtun coder\BTVN_THKTLT_Buoi_2\DangAnhTuan_Buoi_2\DangAnhTuan_Buoi_2\Phan_2_BT_1.cpp(237,24): warning C4566: character represented by universal-character-name '\u1EBF' cannot be represented in the current code page (1252)
D:\dtun coder\BTVN_THKTLT_Buoi_2\DangAnhTuan_Buoi_2\DangAnhTuan_Buoi_2\Phan_2_BT_1.cpp(237,24): warning C4566: character represented by universal-character-name '\u0103' cannot be represented in the current code page (1252)
D:\dtun coder\BTVN_THKTLT_Buoi_2\DangAnhTuan_Buoi_2\DangAnhTuan_Buoi_2\Phan_2_BT_1.cpp(237,24): warning C4566: character represented by universal-character-name '\u1EA7' cannot be represented in the current code page (1252)
D:\dtun coder\BTVN_THKTLT_Buoi_2\DangAnhTuan_Buoi_2\DangAnhTuan_Buoi_2\Phan_2_BT_1.cpp(237,24): warning C4566: character represented by universal-character-name '\u1EB1' cannot be represented in the current code page (1252)
D:\dtun coder\BTVN_THKTLT_Buoi_2\DangAnhTuan_Buoi_2\DangAnhTuan_Buoi_2\Phan_2_BT_1.cpp(243,20): warning C4566: character represented by universal-character-name '\u01B0' cannot be represented in the current code page (1252)
D:\dtun coder\BTVN_THKTLT_Buoi_2\DangAnhTuan_Buoi_2\DangAnhTuan_Buoi_2\Phan_2_BT_1.cpp(243,20): warning C4566: character represented by universal-character-name '\u01A1' cannot be represented in the current code page (1252)
D:\dtun coder\BTVN_THKTLT_Buoi_2\DangAnhTuan_Buoi_2\DangAnhTuan_Buoi_2\Phan_2_BT_1.cpp(247,20): warning C4566: character represented by universal-character-name '\u1EF1' cannot be represented in the current code page (1252)
D:\dtun coder\BTVN_THKTLT_Buoi_2\DangAnhTuan_Buoi_2\DangAnhTuan_Buoi_2\Phan_2_BT_1.cpp(247,20): warning C4566: character represented by universal-character-name '\u1ECD' cannot be represented in the current code page (1252)
D:\dtun coder\BTVN_THKTLT_Buoi_2\DangAnhTuan_Buoi_2\DangAnhTuan_Buoi_2\Phan_2_BT_1.cpp(247,20): warning C4566: character represented by universal-character-name '\u1EE3' cannot be represented in the current code page (1252)
D:\dtun coder\BTVN_THKTLT_Buoi_2\DangAnhTuan_Buoi_2\DangAnhTuan_Buoi_2\Phan_2_BT_1.cpp(247,20): warning C4566: character represented by universal-character-name '\u1EC7' cannot be represented in the current code page (1252)
  DangAnhTuan_Buoi_2.vcxproj -> D:\dtun coder\BTVN_THKTLT_Buoi_2\DangAnhTuan_Buoi_2\x64\Debug\DangAnhTuan_Buoi_2.exe
